#
# There is insufficient memory for the Java Runtime Environment to continue.
# Native memory allocation (malloc) failed to allocate 1048576 bytes for AllocateHeap
# Possible reasons:
#   The system is out of physical RAM or swap space
#   In 32 bit mode, the process size limit was hit
# Possible solutions:
#   Reduce memory load on the system
#   Increase physical memory or swap space
#   Check if swap backing store is full
#   Use 64 bit Java on a 64 bit OS
#   Decrease Java heap size (-Xmx/-Xms)
#   Decrease number of Java threads
#   Decrease Java thread stack sizes (-Xss)
#   Set larger code cache with -XX:ReservedCodeCacheSize=
# This output file may be truncated or incomplete.
#
#  Out of Memory Error (memory/allocation.inline.hpp:62), pid=8932, tid=1392
#
# JRE version:  (8.0_25-b18) (build )
# Java VM: Java HotSpot(TM) 64-Bit Server VM (25.25-b02 mixed mode windows-amd64 compressed oops)
# Failed to write core dump. Minidumps are not enabled by default on client versions of Windows
#

---------------  T H R E A D  ---------------

Current thread (0x000000000100e800):  JavaThread "Unknown thread" [_thread_in_vm, id=1392, stack(0x0000000002810000,0x0000000002910000)]

Stack: [0x0000000002810000,0x0000000002910000]
Native frames: (J=compiled Java code, j=interpreted, Vv=VM code, C=native code)
V  [jvm.dll+0x31667a]
V  [jvm.dll+0x267073]
V  [jvm.dll+0x267cb3]
V  [jvm.dll+0x25f5b5]
V  [jvm.dll+0x25e60f]
V  [jvm.dll+0x3d616c]
V  [jvm.dll+0x3d1967]
V  [jvm.dll+0xe53f2]
V  [jvm.dll+0x1f9b19]
V  [jvm.dll+0x22b2e4]
V  [jvm.dll+0x14d571]
C  [java.exe+0x20b6]
C  [java.exe+0xc9bb]
C  [java.exe+0xca4f]
C  [KERNEL32.DLL+0x13034]
C  [ntdll.dll+0x71431]


---------------  P R O C E S S  ---------------

Java Threads: ( => current thread )

Other Threads:

=>0x000000000100e800 (exited) JavaThread "Unknown thread" [_thread_in_vm, id=1392, stack(0x0000000002810000,0x0000000002910000)]

VM state:not at safepoint (normal execution)

VM Mutex/Monitor currently owned by a thread: None

Heap:
 PSYoungGen      total 38400K, used 665K [0x00000000eab00000, 0x00000000ed580000, 0x0000000100000000)
  eden space 33280K, 2% used [0x00000000eab00000,0x00000000eaba6670,0x00000000ecb80000)
  from space 5120K, 0% used [0x00000000ed080000,0x00000000ed080000,0x00000000ed580000)
  to   space 5120K, 0% used [0x00000000ecb80000,0x00000000ecb80000,0x00000000ed080000)
 ParOldGen       total 87552K, used 0K [0x00000000c0000000, 0x00000000c5580000, 0x00000000eab00000)
  object space 87552K, 0% used [0x00000000c0000000,0x00000000c0000000,0x00000000c5580000)
 Metaspace       used 674K, capacity 4480K, committed 4480K, reserved 1056768K
  class space    used 66K, capacity 384K, committed 384K, reserved 1048576K

Card table byte_map: [0x0000000011dd0000,0x0000000011fe0000] byte_map_base: 0x00000000117d0000

Marking Bits: (ParMarkBitMap*) 0x000000006459d490
 Begin Bits: [0x0000000012540000, 0x0000000013540000)
 End Bits:   [0x0000000013540000, 0x0000000014540000)

Polling page: 0x00000000007f0000

CodeCache: size=245760Kb used=327Kb max_used=327Kb free=245432Kb
 bounds [0x0000000002a10000, 0x0000000002c80000, 0x0000000011a10000]
 total_blobs=56 nmethods=0 adapters=37
 compilation: enabled

Compilation events (0 events):
No events

GC Heap History (0 events):
No events

Deoptimization events (0 events):
No events

Internal exceptions (0 events):
No events

Events (10 events):
Event: 0.042 loading class java/lang/Short
Event: 0.042 loading class java/lang/Short done
Event: 0.042 loading class java/lang/Integer
Event: 0.042 loading class java/lang/Integer done
Event: 0.042 loading class java/lang/Long
Event: 0.043 loading class java/lang/Long done
Event: 0.043 loading class java/lang/NullPointerException
Event: 0.043 loading class java/lang/NullPointerException done
Event: 0.043 loading class java/lang/ArithmeticException
Event: 0.044 loading class java/lang/ArithmeticException done


Dynamic libraries:
0x00007ff722de0000 - 0x00007ff722e14000 	C:\Program Files\Java\jdk1.8.0_25\bin\java.exe
0x00007ffb83740000 - 0x00007ffb83921000 	C:\WINDOWS\SYSTEM32\ntdll.dll
0x00007ffb822d0000 - 0x00007ffb82382000 	C:\WINDOWS\System32\KERNEL32.DLL
0x00007ffb80160000 - 0x00007ffb803d3000 	C:\WINDOWS\System32\KERNELBASE.dll
0x00007ffb82390000 - 0x00007ffb82431000 	C:\WINDOWS\System32\ADVAPI32.dll
0x00007ffb82f70000 - 0x00007ffb8300e000 	C:\WINDOWS\System32\msvcrt.dll
0x00007ffb80c00000 - 0x00007ffb80c5b000 	C:\WINDOWS\System32\sechost.dll
0x00007ffb83010000 - 0x00007ffb83134000 	C:\WINDOWS\System32\RPCRT4.dll
0x00007ffb82db0000 - 0x00007ffb82f40000 	C:\WINDOWS\System32\USER32.dll
0x00007ffb7fae0000 - 0x00007ffb7fb00000 	C:\WINDOWS\System32\win32u.dll
0x00007ffb82f40000 - 0x00007ffb82f68000 	C:\WINDOWS\System32\GDI32.dll
0x00007ffb7ff70000 - 0x00007ffb80102000 	C:\WINDOWS\System32\gdi32full.dll
0x00007ffb7fb00000 - 0x00007ffb7fb9f000 	C:\WINDOWS\System32\msvcp_win.dll
0x00007ffb7fe70000 - 0x00007ffb7ff6a000 	C:\WINDOWS\System32\ucrtbase.dll
0x00007ffb6f370000 - 0x00007ffb6f5d9000 	C:\WINDOWS\WinSxS\amd64_microsoft.windows.common-controls_6595b64144ccf1df_6.0.17134.228_none_fb4599993062b194\COMCTL32.dll
0x00007ffb832c0000 - 0x00007ffb835e3000 	C:\WINDOWS\System32\combase.dll
0x00007ffb7fba0000 - 0x00007ffb7fc1a000 	C:\WINDOWS\System32\bcryptPrimitives.dll
0x00007ffb80cc0000 - 0x00007ffb80ced000 	C:\WINDOWS\System32\IMM32.DLL
0x0000000065960000 - 0x0000000065a32000 	C:\Program Files\Java\jdk1.8.0_25\jre\bin\msvcr100.dll
0x0000000063dc0000 - 0x000000006461a000 	C:\Program Files\Java\jdk1.8.0_25\jre\bin\server\jvm.dll
0x00007ffb83670000 - 0x00007ffb83678000 	C:\WINDOWS\System32\PSAPI.DLL
0x00007ffb7afd0000 - 0x00007ffb7afd9000 	C:\WINDOWS\SYSTEM32\WSOCK32.dll
0x00007ffb82500000 - 0x00007ffb8256c000 	C:\WINDOWS\System32\WS2_32.dll
0x00007ffb7afe0000 - 0x00007ffb7b003000 	C:\WINDOWS\SYSTEM32\WINMM.dll
0x00007ffb7aee0000 - 0x00007ffb7af0a000 	C:\WINDOWS\SYSTEM32\WINMMBASE.dll
0x00007ffb80110000 - 0x00007ffb80159000 	C:\WINDOWS\System32\cfgmgr32.dll
0x0000000065910000 - 0x000000006591f000 	C:\Program Files\Java\jdk1.8.0_25\jre\bin\verify.dll
0x00000000658e0000 - 0x0000000065908000 	C:\Program Files\Java\jdk1.8.0_25\jre\bin\java.dll
0x00000000658c0000 - 0x00000000658d6000 	C:\Program Files\Java\jdk1.8.0_25\jre\bin\zip.dll
0x00007ffb77060000 - 0x00007ffb77229000 	C:\WINDOWS\SYSTEM32\dbghelp.dll

VM Arguments:
jvm_args: -Djava.awt.headless=true -Xmx1024M -Dfile.encoding=windows-1252 -Duser.country=IN -Duser.language=en -Duser.variant 
java_command: com.android.dx.command.Main --dex --num-threads=4 --output D:\Development Learning and Skills\New Job 2018\Github Upload\alphaOffline\android\app\build\intermediates\pre-dexed\debug\jsr305-3.0.0_d030e4a5d041d9071538971bfed6c5f18725963b.jar C:\Users\Saurabh Desai\.gradle\caches\modules-2\files-2.1\com.google.code.findbugs\jsr305\3.0.0\5871fb60dc68d67da54a663c3fd636a10a532948\jsr305-3.0.0.jar
java_class_path (initial): D:\Android\sdk\build-tools\23.0.1\lib\dx.jar
Launcher Type: SUN_STANDARD

Environment Variables:
JAVA_HOME=C:\Program Files\Java\jdk1.8.0_25
CLASSPATH=D:\Development Learning and Skills\New Job 2018\Github Upload\alphaOffline\android\\gradle\wrapper\gradle-wrapper.jar
PATH=C:\Users\Saurabh Desai\AppData\Roaming\npm;C:\Program Files\nodejs\;C:\Program Files (x86)\Common Files\Oracle\Java\javapath;C:\Python27\;C:\Python27\Scripts;C:\Program Files (x86)\NVIDIA Corporation\PhysX\Common;C:\Program Files (x86)\Intel\iCLS Client\;C:\Program Files\Intel\iCLS Client\;C:\WINDOWS\system32;C:\WINDOWS;C:\WINDOWS\System32\Wbem;C:\WINDOWS\System32\WindowsPowerShell\v1.0\;C:\Program Files\Intel\Intel(R) Management Engine Components\DAL;C:\Program Files\Intel\Intel(R) Management Engine Components\IPT;C:\Program Files (x86)\Intel\Intel(R) Management Engine Components\DAL;C:\Program Files (x86)\Intel\Intel(R) Management Engine Components\IPT;C:\Program Files\Microsoft SQL Server\110\Tools\Binn\;C:\Program Files (x86)\Microsoft SDKs\TypeScript\1.0\;C:\Program Files\Microsoft SQL Server\120\Tools\Binn\;C:\Program Files\MongoDB\Server\3.2\bin;C:\Program Files (x86)\Heroku\bin;C:\Program Files (x86)\git\cmd;C:\ProgramData\chocolatey\bin;C:\Program Files\Git\cmd;C:\Program Files (x86)\Yarn\bin;C:\WINDOWS\System32\OpenSSH\;C:\Program Files\nodejs\;C:\Program Files\Microsoft VS Code\bin;C:\PostgreSQL\pg96\bin;C:\Program Files (x86)\Brackets\command;C:\Program Files (x86)\Skype\Phone\;C:\Program Files\TortoiseSVN\bin;C:\Ruby24-x64\bin;C:\Users\Saurabh Desai\AppData\Local\atom\bin;C:\Users\Saurabh Desai\AppData\Local\Microsoft\WindowsApps;D:\Android\sdk\platform-tools;C:\Users\Saurabh Desai\AppData\Local\Yarn\bin;C:\Users\Saurabh Desai\AppData\Local\.meteor;C:\Program Files (x86)\Notepad++;C:\Program Files\Perforce;C:\Users\Saurabh Desai\AppData\Roaming\npm;C:\Users\Saurabh Desai\AppData\Local\Programs\Microsoft VS Code\bin
USERNAME=Saurabh Desai
OS=Windows_NT
PROCESSOR_IDENTIFIER=Intel64 Family 6 Model 69 Stepping 1, GenuineIntel



---------------  S Y S T E M  ---------------

OS: Windows 8.1 , 64 bit Build 9600 

CPU:total 4 (2 cores per cpu, 2 threads per core) family 6 model 69 stepping 1, cmov, cx8, fxsr, mmx, sse, sse2, sse3, ssse3, sse4.1, sse4.2, popcnt, avx, avx2, aes, clmul, erms, lzcnt, ht, tsc, tscinvbit, bmi1, bmi2

Memory: 4k page, physical 8282476k(1176232k free), swap 13402476k(5748k free)

vm_info: Java HotSpot(TM) 64-Bit Server VM (25.25-b02) for windows-amd64 JRE (1.8.0_25-b18), built on Oct  7 2014 14:25:37 by "java_re" with MS VC++ 10.0 (VS2010)

time: Sun Sep 09 15:01:03 2018
elapsed time: 0 seconds (0d 0h 0m 0s)

